<?xml version="1.0" encoding="UTF-8"?>
<!-- Generated by org.testng.reporters.JUnitXMLReporter -->
<testsuite hostname="Soumya-PC" ignored="0" name="Default test" tests="2" failures="0" timestamp="10 Sep 2019 15:49:02 GMT" time="20.399" errors="0">
  <testcase name="createcustomerTest" time="4.25" classname="com.actitime.customertest.CreateCustomerTest"/>
  <testcase name="createcustwithdesc" time="4.137" classname="com.actitime.customertest.CreateCustomerTest"/>
</testsuite> <!-- Default test -->
