<?xml version="1.0" encoding="UTF-8"?>
<!-- Generated by org.testng.reporters.JUnitXMLReporter -->
<testsuite hostname="Soumya-PC" ignored="0" name="Test2" tests="3" failures="0" timestamp="04 Sep 2019 15:11:16 GMT" time="52.939" errors="0">
  <testcase name="createprojectTest" time="0.012" classname="com.actitime.projectTest.ProjectTest"/>
  <testcase name="modifyprojectTest" time="0.003" classname="com.actitime.projectTest.ProjectTest"/>
  <testcase name="deleteprojectTest" time="0.002" classname="com.actitime.projectTest.ProjectTest"/>
</testsuite> <!-- Test2 -->
