<?xml version="1.0" encoding="UTF-8"?>
<testng-results skipped="0" failed="0" ignored="0" total="2" passed="2">
  <reporter-output>
  </reporter-output>
  <suite name="Default suite" duration-ms="20399" started-at="2019-09-10T15:48:42Z" finished-at="2019-09-10T15:49:02Z">
    <groups>
    </groups>
    <test name="Default test" duration-ms="20399" started-at="2019-09-10T15:48:42Z" finished-at="2019-09-10T15:49:02Z">
      <class name="com.actitime.customertest.CreateCustomerTest">
        <test-method status="PASS" signature="configBC()[pri:0, instance:com.actitime.customertest.CreateCustomerTest@cc285f4]" name="configBC" is-config="true" duration-ms="6550" started-at="2019-09-10T21:18:42Z" finished-at="2019-09-10T21:18:48Z">
          <reporter-output>
          </reporter-output>
        </test-method> <!-- configBC -->
        <test-method status="PASS" signature="configBM()[pri:0, instance:com.actitime.customertest.CreateCustomerTest@cc285f4]" name="configBM" is-config="true" duration-ms="1762" started-at="2019-09-10T21:18:49Z" finished-at="2019-09-10T21:18:50Z">
          <reporter-output>
          </reporter-output>
        </test-method> <!-- configBM -->
        <test-method status="PASS" signature="createcustomerTest()[pri:0, instance:com.actitime.customertest.CreateCustomerTest@cc285f4]" name="createcustomerTest" duration-ms="4250" started-at="2019-09-10T21:18:50Z" finished-at="2019-09-10T21:18:55Z">
          <reporter-output>
          </reporter-output>
        </test-method> <!-- createcustomerTest -->
        <test-method status="PASS" signature="configAM()[pri:0, instance:com.actitime.customertest.CreateCustomerTest@cc285f4]" name="configAM" is-config="true" duration-ms="184" started-at="2019-09-10T21:18:55Z" finished-at="2019-09-10T21:18:55Z">
          <reporter-output>
          </reporter-output>
        </test-method> <!-- configAM -->
        <test-method status="PASS" signature="configBM()[pri:0, instance:com.actitime.customertest.CreateCustomerTest@cc285f4]" name="configBM" is-config="true" duration-ms="586" started-at="2019-09-10T21:18:55Z" finished-at="2019-09-10T21:18:55Z">
          <reporter-output>
          </reporter-output>
        </test-method> <!-- configBM -->
        <test-method status="PASS" signature="createcustwithdesc()[pri:0, instance:com.actitime.customertest.CreateCustomerTest@cc285f4]" name="createcustwithdesc" duration-ms="4137" started-at="2019-09-10T21:18:55Z" finished-at="2019-09-10T21:18:59Z">
          <reporter-output>
          </reporter-output>
        </test-method> <!-- createcustwithdesc -->
        <test-method status="PASS" signature="configAM()[pri:0, instance:com.actitime.customertest.CreateCustomerTest@cc285f4]" name="configAM" is-config="true" duration-ms="230" started-at="2019-09-10T21:18:59Z" finished-at="2019-09-10T21:19:00Z">
          <reporter-output>
          </reporter-output>
        </test-method> <!-- configAM -->
        <test-method status="PASS" signature="configAC()[pri:0, instance:com.actitime.customertest.CreateCustomerTest@cc285f4]" name="configAC" is-config="true" duration-ms="2643" started-at="2019-09-10T21:19:00Z" finished-at="2019-09-10T21:19:02Z">
          <reporter-output>
          </reporter-output>
        </test-method> <!-- configAC -->
      </class> <!-- com.actitime.customertest.CreateCustomerTest -->
    </test> <!-- Default test -->
  </suite> <!-- Default suite -->
</testng-results>
